<?xml version="1.0" encoding="UTF-8"?>
<testsuite xmlns:xsi="http://www.w3.org/2001/XMLSchema-instance" xsi:noNamespaceSchemaLocation="https://maven.apache.org/surefire/maven-failsafe-plugin/xsd/failsafe-test-report.xsd" version="3.0.1" name="br.com.lpoo.projetolpooe1_luana.TesteJUNIT" time="1.717" tests="1" errors="0" skipped="0" failures="0">
  <properties>
    <property name="java.specification.version" value="22"/>
    <property name="sun.cpu.isalist" value="amd64"/>
    <property name="sun.jnu.encoding" value="Cp1252"/>
    <property name="java.class.path" value="C:\Users\luana\OneDrive\Área de Trabalho\ProjetoLPOOE1_Luana\ProjetoLPOOE1_Luana\target\test-classes;C:\Users\luana\OneDrive\Área de Trabalho\ProjetoLPOOE1_Luana\ProjetoLPOOE1_Luana\target\ProjetoLPOOE1_Luana-1.0-SNAPSHOT.jar;C:\Users\luana\.m2\repository\org\hibernate\javax\persistence\hibernate-jpa-2.1-api\1.0.2.Final\hibernate-jpa-2.1-api-1.0.2.Final.jar;C:\Users\luana\.m2\repository\org\hibernate\hibernate-core\5.3.3.Final\hibernate-core-5.3.3.Final.jar;C:\Users\luana\.m2\repository\org\jboss\logging\jboss-logging\3.3.2.Final\jboss-logging-3.3.2.Final.jar;C:\Users\luana\.m2\repository\javax\persistence\javax.persistence-api\2.2\javax.persistence-api-2.2.jar;C:\Users\luana\.m2\repository\org\javassist\javassist\3.23.1-GA\javassist-3.23.1-GA.jar;C:\Users\luana\.m2\repository\net\bytebuddy\byte-buddy\1.8.13\byte-buddy-1.8.13.jar;C:\Users\luana\.m2\repository\antlr\antlr\2.7.7\antlr-2.7.7.jar;C:\Users\luana\.m2\repository\org\jboss\spec\javax\transaction\jboss-transaction-api_1.2_spec\1.1.1.Final\jboss-transaction-api_1.2_spec-1.1.1.Final.jar;C:\Users\luana\.m2\repository\org\jboss\jandex\2.0.5.Final\jandex-2.0.5.Final.jar;C:\Users\luana\.m2\repository\com\fasterxml\classmate\1.3.4\classmate-1.3.4.jar;C:\Users\luana\.m2\repository\javax\activation\javax.activation-api\1.2.0\javax.activation-api-1.2.0.jar;C:\Users\luana\.m2\repository\dom4j\dom4j\1.6.1\dom4j-1.6.1.jar;C:\Users\luana\.m2\repository\org\hibernate\common\hibernate-commons-annotations\5.0.4.Final\hibernate-commons-annotations-5.0.4.Final.jar;C:\Users\luana\.m2\repository\junit\junit\4.11\junit-4.11.jar;C:\Users\luana\.m2\repository\org\hamcrest\hamcrest-core\1.3\hamcrest-core-1.3.jar;C:\Users\luana\.m2\repository\org\postgresql\postgresql\42.2.24\postgresql-42.2.24.jar;C:\Users\luana\.m2\repository\org\checkerframework\checker-qual\3.5.0\checker-qual-3.5.0.jar;C:\Users\luana\.m2\repository\org\hibernate\hibernate-entitymanager\4.3.1.Final\hibernate-entitymanager-4.3.1.Final.jar;C:\Users\luana\.m2\repository\org\jboss\logging\jboss-logging-annotations\1.2.0.Beta1\jboss-logging-annotations-1.2.0.Beta1.jar;C:\Users\luana\.m2\repository\javax\xml\bind\jaxb-api\2.3.0\jaxb-api-2.3.0.jar;C:\Users\luana\.m2\repository\org\eclipse\persistence\org.eclipse.persistence.core\2.7.12\org.eclipse.persistence.core-2.7.12.jar;C:\Users\luana\.m2\repository\org\eclipse\persistence\org.eclipse.persistence.asm\9.4.0\org.eclipse.persistence.asm-9.4.0.jar;C:\Users\luana\.m2\repository\org\eclipse\persistence\org.eclipse.persistence.antlr\2.7.12\org.eclipse.persistence.antlr-2.7.12.jar;C:\Users\luana\.m2\repository\org\eclipse\persistence\org.eclipse.persistence.jpa\2.7.12\org.eclipse.persistence.jpa-2.7.12.jar;C:\Users\luana\.m2\repository\org\eclipse\persistence\org.eclipse.persistence.jpa.jpql\2.7.12\org.eclipse.persistence.jpa.jpql-2.7.12.jar;C:\Users\luana\.m2\repository\org\eclipse\persistence\org.eclipse.persistence.moxy\2.7.12\org.eclipse.persistence.moxy-2.7.12.jar;C:\Users\luana\.m2\repository\org\eclipse\persistence\jakarta.persistence\2.2.3\jakarta.persistence-2.2.3.jar;C:\Users\luana\.m2\repository\org\eclipse\persistence\org.eclipse.persistence.jpa.modelgen.processor\2.7.12\org.eclipse.persistence.jpa.modelgen.processor-2.7.12.jar;"/>
    <property name="java.vm.vendor" value="Oracle Corporation"/>
    <property name="sun.arch.data.model" value="64"/>
    <property name="user.variant" value=""/>
    <property name="java.vendor.url" value="https://java.oracle.com/"/>
    <property name="user.timezone" value="America/Sao_Paulo"/>
    <property name="os.name" value="Windows 11"/>
    <property name="java.vm.specification.version" value="22"/>
    <property name="user.country" value="BR"/>
    <property name="sun.java.launcher" value="SUN_STANDARD"/>
    <property name="sun.boot.library.path" value="C:\Program Files\Java\jdk-22\bin"/>
    <property name="sun.java.command" value="C:\Users\luana\AppData\Local\Temp\surefire18347210723658864313\surefirebooter-20240717101726374_3.jar C:\Users\luana\AppData\Local\Temp\surefire18347210723658864313 2024-07-17T10-17-26_247-jvmRun1 surefire-20240717101726374_1tmp surefire_0-20240717101726374_2tmp"/>
    <property name="jdk.debug" value="release"/>
    <property name="test" value="DummyToSkipUnitTests"/>
    <property name="surefire.test.class.path" value="C:\Users\luana\OneDrive\Área de Trabalho\ProjetoLPOOE1_Luana\ProjetoLPOOE1_Luana\target\test-classes;C:\Users\luana\OneDrive\Área de Trabalho\ProjetoLPOOE1_Luana\ProjetoLPOOE1_Luana\target\ProjetoLPOOE1_Luana-1.0-SNAPSHOT.jar;C:\Users\luana\.m2\repository\org\hibernate\javax\persistence\hibernate-jpa-2.1-api\1.0.2.Final\hibernate-jpa-2.1-api-1.0.2.Final.jar;C:\Users\luana\.m2\repository\org\hibernate\hibernate-core\5.3.3.Final\hibernate-core-5.3.3.Final.jar;C:\Users\luana\.m2\repository\org\jboss\logging\jboss-logging\3.3.2.Final\jboss-logging-3.3.2.Final.jar;C:\Users\luana\.m2\repository\javax\persistence\javax.persistence-api\2.2\javax.persistence-api-2.2.jar;C:\Users\luana\.m2\repository\org\javassist\javassist\3.23.1-GA\javassist-3.23.1-GA.jar;C:\Users\luana\.m2\repository\net\bytebuddy\byte-buddy\1.8.13\byte-buddy-1.8.13.jar;C:\Users\luana\.m2\repository\antlr\antlr\2.7.7\antlr-2.7.7.jar;C:\Users\luana\.m2\repository\org\jboss\spec\javax\transaction\jboss-transaction-api_1.2_spec\1.1.1.Final\jboss-transaction-api_1.2_spec-1.1.1.Final.jar;C:\Users\luana\.m2\repository\org\jboss\jandex\2.0.5.Final\jandex-2.0.5.Final.jar;C:\Users\luana\.m2\repository\com\fasterxml\classmate\1.3.4\classmate-1.3.4.jar;C:\Users\luana\.m2\repository\javax\activation\javax.activation-api\1.2.0\javax.activation-api-1.2.0.jar;C:\Users\luana\.m2\repository\dom4j\dom4j\1.6.1\dom4j-1.6.1.jar;C:\Users\luana\.m2\repository\org\hibernate\common\hibernate-commons-annotations\5.0.4.Final\hibernate-commons-annotations-5.0.4.Final.jar;C:\Users\luana\.m2\repository\junit\junit\4.11\junit-4.11.jar;C:\Users\luana\.m2\repository\org\hamcrest\hamcrest-core\1.3\hamcrest-core-1.3.jar;C:\Users\luana\.m2\repository\org\postgresql\postgresql\42.2.24\postgresql-42.2.24.jar;C:\Users\luana\.m2\repository\org\checkerframework\checker-qual\3.5.0\checker-qual-3.5.0.jar;C:\Users\luana\.m2\repository\org\hibernate\hibernate-entitymanager\4.3.1.Final\hibernate-entitymanager-4.3.1.Final.jar;C:\Users\luana\.m2\repository\org\jboss\logging\jboss-logging-annotations\1.2.0.Beta1\jboss-logging-annotations-1.2.0.Beta1.jar;C:\Users\luana\.m2\repository\javax\xml\bind\jaxb-api\2.3.0\jaxb-api-2.3.0.jar;C:\Users\luana\.m2\repository\org\eclipse\persistence\org.eclipse.persistence.core\2.7.12\org.eclipse.persistence.core-2.7.12.jar;C:\Users\luana\.m2\repository\org\eclipse\persistence\org.eclipse.persistence.asm\9.4.0\org.eclipse.persistence.asm-9.4.0.jar;C:\Users\luana\.m2\repository\org\eclipse\persistence\org.eclipse.persistence.antlr\2.7.12\org.eclipse.persistence.antlr-2.7.12.jar;C:\Users\luana\.m2\repository\org\eclipse\persistence\org.eclipse.persistence.jpa\2.7.12\org.eclipse.persistence.jpa-2.7.12.jar;C:\Users\luana\.m2\repository\org\eclipse\persistence\org.eclipse.persistence.jpa.jpql\2.7.12\org.eclipse.persistence.jpa.jpql-2.7.12.jar;C:\Users\luana\.m2\repository\org\eclipse\persistence\org.eclipse.persistence.moxy\2.7.12\org.eclipse.persistence.moxy-2.7.12.jar;C:\Users\luana\.m2\repository\org\eclipse\persistence\jakarta.persistence\2.2.3\jakarta.persistence-2.2.3.jar;C:\Users\luana\.m2\repository\org\eclipse\persistence\org.eclipse.persistence.jpa.modelgen.processor\2.7.12\org.eclipse.persistence.jpa.modelgen.processor-2.7.12.jar;"/>
    <property name="sun.cpu.endian" value="little"/>
    <property name="user.home" value="C:\Users\luana"/>
    <property name="user.language" value="pt"/>
    <property name="java.specification.vendor" value="Oracle Corporation"/>
    <property name="java.version.date" value="2024-03-19"/>
    <property name="java.home" value="C:\Program Files\Java\jdk-22"/>
    <property name="file.separator" value="\"/>
    <property name="basedir" value="C:\Users\luana\OneDrive\Área de Trabalho\ProjetoLPOOE1_Luana\ProjetoLPOOE1_Luana"/>
    <property name="java.vm.compressedOopsMode" value="32-bit"/>
    <property name="line.separator" value="&#10;"/>
    <property name="java.vm.specification.vendor" value="Oracle Corporation"/>
    <property name="java.specification.name" value="Java Platform API Specification"/>
    <property name="surefire.real.class.path" value="C:\Users\luana\AppData\Local\Temp\surefire18347210723658864313\surefirebooter-20240717101726374_3.jar"/>
    <property name="user.script" value=""/>
    <property name="sun.management.compiler" value="HotSpot 64-Bit Tiered Compilers"/>
    <property name="java.runtime.version" value="22+36-2370"/>
    <property name="user.name" value="luana"/>
    <property name="stdout.encoding" value="Cp1252"/>
    <property name="path.separator" value=";"/>
    <property name="os.version" value="10.0"/>
    <property name="java.runtime.name" value="Java(TM) SE Runtime Environment"/>
    <property name="file.encoding" value="UTF-8"/>
    <property name="surefire.failIfNoSpecifiedTests" value="false"/>
    <property name="java.vm.name" value="Java HotSpot(TM) 64-Bit Server VM"/>
    <property name="maven.ext.class.path" value="C:\Program Files\NetBeans-21\netbeans\java\maven-nblib\netbeans-eventspy.jar"/>
    <property name="localRepository" value="C:\Users\luana\.m2\repository"/>
    <property name="java.vendor.url.bug" value="https://bugreport.java.com/bugreport/"/>
    <property name="java.io.tmpdir" value="C:\Users\luana\AppData\Local\Temp\"/>
    <property name="java.version" value="22"/>
    <property name="user.dir" value="C:\Users\luana\OneDrive\Área de Trabalho\ProjetoLPOOE1_Luana\ProjetoLPOOE1_Luana"/>
    <property name="os.arch" value="amd64"/>
    <property name="java.vm.specification.name" value="Java Virtual Machine Specification"/>
    <property name="it.test" value="br.com.lpoo.projetolpooe1_luana.TesteJUNIT"/>
    <property name="failIfNoTests" value="false"/>
    <property name="sun.os.patch.level" value=""/>
    <property name="native.encoding" value="Cp1252"/>
    <property name="java.library.path" value="C:\Program Files\Java\jdk-22\bin;C:\Windows\Sun\Java\bin;C:\Windows\system32;C:\Windows;C:\Windows\system32;C:\Windows;C:\Windows\System32\Wbem;C:\Windows\System32\WindowsPowerShell\v1.0\;C:\Windows\System32\OpenSSH\;C:\Program Files\Java\jdk-22\bin;C:\Program Files\Git\cmd;C:\Users\luana\AppData\Local\Microsoft\WindowsApps;C:\Program Files\Java\jdk-22\bin;;."/>
    <property name="java.vm.info" value="mixed mode, sharing"/>
    <property name="stderr.encoding" value="Cp1252"/>
    <property name="java.vendor" value="Oracle Corporation"/>
    <property name="java.vm.version" value="22+36-2370"/>
    <property name="sun.io.unicode.encoding" value="UnicodeLittle"/>
    <property name="java.class.version" value="66.0"/>
  </properties>
  <testcase name="testePersistencia" classname="br.com.lpoo.projetolpooe1_luana.TesteJUNIT" time="0.058">
    <system-out><![CDATA[Hibernate: alter table tb_departamentos drop constraint FKssl3udwd4w147kiw612un710f
Hibernate: alter table tb_departamentos drop constraint FK_empresa
Hibernate: alter table tb_departamentos drop constraint FKq6mv1v30wo0kxwl5k2t7k7riq
Hibernate: alter table tb_diretores drop constraint FKhyryrw41g0hbd5xpbxu9dwpwo
Hibernate: alter table tb_funcionarios drop constraint FKhpsr9niw6j5hfh0q8q7v6ucxa
Hibernate: alter table tb_pessoas drop constraint FK_empresa
Hibernate: drop table if exists tb_departamentos cascade
Hibernate: drop table if exists tb_diretores cascade
Hibernate: drop table if exists tb_empresa cascade
Hibernate: drop table if exists tb_funcionarios cascade
Hibernate: drop table if exists tb_pessoas cascade
Hibernate: drop sequence if exists hibernate_sequence
Hibernate: create sequence hibernate_sequence start 1 increment 1
Hibernate: create table tb_departamentos (departamentos_id int4 not null, local_departamento varchar(200) not null, nome_departamentos varchar(100) not null, telefone_departamento varchar(11) not null, diretores_id int4, empresa_id int4, funcionarios_id int4, primary key (departamentos_id))
Hibernate: create table tb_diretores (cargo_diretor varchar(100) not null, pessoas_id int4 not null, primary key (pessoas_id))
Hibernate: create table tb_empresa (empresa_id int4 not null, CNPJ_empresa varchar(14) not null, email_empresa varchar(100) not null, endereço_empresa varchar(200) not null, nome_empresa varchar(100) not null, telefone_empresa varchar(10) not null, primary key (empresa_id))
Hibernate: create table tb_funcionarios (pessoas_id int4 not null, primary key (pessoas_id))
Hibernate: create table tb_pessoas (pessoas_id int4 not null, data_nascimento varchar(10) not null, endereco_pessoas varchar(200) not null, nome_pessoas varchar(100) not null, Salario decimal(12,2), empresa_id int4, primary key (pessoas_id))
Hibernate: alter table tb_departamentos add constraint FKssl3udwd4w147kiw612un710f foreign key (diretores_id) references tb_diretores
Hibernate: alter table tb_departamentos add constraint FK_empresa foreign key (empresa_id) references tb_empresa
Hibernate: alter table tb_departamentos add constraint FKq6mv1v30wo0kxwl5k2t7k7riq foreign key (funcionarios_id) references tb_funcionarios
Hibernate: alter table tb_diretores add constraint FKhyryrw41g0hbd5xpbxu9dwpwo foreign key (pessoas_id) references tb_pessoas
Hibernate: alter table tb_funcionarios add constraint FKhpsr9niw6j5hfh0q8q7v6ucxa foreign key (pessoas_id) references tb_pessoas
Hibernate: alter table tb_pessoas add constraint FK_empresa foreign key (empresa_id) references tb_empresa
Hibernate: select nextval ('hibernate_sequence')
Hibernate: insert into tb_pessoas (data_nascimento, empresa_id, endereco_pessoas, nome_pessoas, Salario, pessoas_id) values (?, ?, ?, ?, ?, ?)
Hibernate: insert into tb_diretores (cargo_diretor, pessoas_id) values (?, ?)
Hibernate: select nextval ('hibernate_sequence')
Hibernate: insert into tb_pessoas (data_nascimento, empresa_id, endereco_pessoas, nome_pessoas, Salario, pessoas_id) values (?, ?, ?, ?, ?, ?)
Hibernate: insert into tb_diretores (cargo_diretor, pessoas_id) values (?, ?)
Hibernate: select nextval ('hibernate_sequence')
Hibernate: insert into tb_pessoas (data_nascimento, empresa_id, endereco_pessoas, nome_pessoas, Salario, pessoas_id) values (?, ?, ?, ?, ?, ?)
Hibernate: insert into tb_funcionarios (pessoas_id) values (?)
Hibernate: select nextval ('hibernate_sequence')
Hibernate: insert into tb_pessoas (data_nascimento, empresa_id, endereco_pessoas, nome_pessoas, Salario, pessoas_id) values (?, ?, ?, ?, ?, ?)
Hibernate: insert into tb_funcionarios (pessoas_id) values (?)
Hibernate: select nextval ('hibernate_sequence')
Hibernate: insert into tb_departamentos (diretores_id, empresa_id, funcionarios_id, local_departamento, nome_departamentos, telefone_departamento, departamentos_id) values (?, ?, ?, ?, ?, ?, ?)
Hibernate: select nextval ('hibernate_sequence')
Hibernate: insert into tb_departamentos (diretores_id, empresa_id, funcionarios_id, local_departamento, nome_departamentos, telefone_departamento, departamentos_id) values (?, ?, ?, ?, ?, ?, ?)
Hibernate: select nextval ('hibernate_sequence')
Hibernate: insert into tb_empresa (CNPJ_empresa, email_empresa, endereço_empresa, nome_empresa, telefone_empresa, empresa_id) values (?, ?, ?, ?, ?, ?)
Hibernate: update tb_pessoas set data_nascimento=?, empresa_id=?, endereco_pessoas=?, nome_pessoas=?, Salario=? where pessoas_id=?
Hibernate: update tb_pessoas set data_nascimento=?, empresa_id=?, endereco_pessoas=?, nome_pessoas=?, Salario=? where pessoas_id=?
Hibernate: update tb_pessoas set data_nascimento=?, empresa_id=?, endereco_pessoas=?, nome_pessoas=?, Salario=? where pessoas_id=?
Hibernate: update tb_pessoas set data_nascimento=?, empresa_id=?, endereco_pessoas=?, nome_pessoas=?, Salario=? where pessoas_id=?
Hibernate: update tb_departamentos set diretores_id=?, empresa_id=?, funcionarios_id=?, local_departamento=?, nome_departamentos=?, telefone_departamento=? where departamentos_id=?
Hibernate: update tb_departamentos set diretores_id=?, empresa_id=?, funcionarios_id=?, local_departamento=?, nome_departamentos=?, telefone_departamento=? where departamentos_id=?
]]></system-out>
    <system-err><![CDATA[jul. 17, 2024 10:17:26 AM org.hibernate.ejb.HibernatePersistence logDeprecation
WARN: HHH015016: Encountered a deprecated javax.persistence.spi.PersistenceProvider [org.hibernate.ejb.HibernatePersistence]; use [org.hibernate.jpa.HibernatePersistenceProvider] instead.
jul. 17, 2024 10:17:26 AM org.hibernate.ejb.HibernatePersistence logDeprecation
WARN: HHH015016: Encountered a deprecated javax.persistence.spi.PersistenceProvider [org.hibernate.ejb.HibernatePersistence]; use [org.hibernate.jpa.HibernatePersistenceProvider] instead.
jul. 17, 2024 10:17:26 AM org.hibernate.jpa.internal.util.LogHelper logPersistenceUnitInformation
INFO: HHH000204: Processing PersistenceUnitInfo [
	name: pu_ProjetoLPOOE1
	...]
jul. 17, 2024 10:17:27 AM org.hibernate.Version logVersion
INFO: HHH000412: Hibernate Core {5.3.3.Final}
jul. 17, 2024 10:17:27 AM org.hibernate.cfg.Environment <clinit>
INFO: HHH000206: hibernate.properties not found
jul. 17, 2024 10:17:27 AM org.hibernate.annotations.common.reflection.java.JavaReflectionManager <clinit>
INFO: HCANN000001: Hibernate Commons Annotations {5.0.4.Final}
jul. 17, 2024 10:17:27 AM org.hibernate.engine.jdbc.connections.internal.DriverManagerConnectionProviderImpl configure
WARN: HHH10001002: Using Hibernate built-in connection pool (not for production use!)
jul. 17, 2024 10:17:27 AM org.hibernate.engine.jdbc.connections.internal.DriverManagerConnectionProviderImpl buildCreator
INFO: HHH10001005: using driver [org.postgresql.Driver] at URL [jdbc:postgresql://localhost:5432/ProjetoLPOOE1_Luana]
jul. 17, 2024 10:17:27 AM org.hibernate.engine.jdbc.connections.internal.DriverManagerConnectionProviderImpl buildCreator
INFO: HHH10001001: Connection properties: {password=****, user=postgres}
jul. 17, 2024 10:17:27 AM org.hibernate.engine.jdbc.connections.internal.DriverManagerConnectionProviderImpl buildCreator
INFO: HHH10001003: Autocommit mode: false
jul. 17, 2024 10:17:27 AM org.hibernate.engine.jdbc.connections.internal.DriverManagerConnectionProviderImpl$PooledConnections <init>
INFO: HHH000115: Hibernate connection pool size: 20 (min=1)
jul. 17, 2024 10:17:27 AM org.hibernate.dialect.Dialect <init>
INFO: HHH000400: Using dialect: org.hibernate.dialect.PostgreSQLDialect
jul. 17, 2024 10:17:27 AM org.hibernate.engine.jdbc.env.internal.LobCreatorBuilderImpl useContextualLobCreation
INFO: HHH000424: Disabling contextual LOB creation as createClob() method threw error : java.lang.reflect.InvocationTargetException
jul. 17, 2024 10:17:27 AM org.hibernate.type.BasicTypeRegistry register
INFO: HHH000270: Type registration [java.util.UUID] overrides previous : org.hibernate.type.UUIDBinaryType@2a7b6f69
jul. 17, 2024 10:17:28 AM org.hibernate.resource.transaction.backend.jdbc.internal.DdlTransactionIsolatorNonJtaImpl getIsolatedConnection
INFO: HHH10001501: Connection obtained from JdbcConnectionAccess [org.hibernate.engine.jdbc.env.internal.JdbcEnvironmentInitiator$ConnectionProviderJdbcConnectionAccess@443faa85] for (non-JTA) DDL execution was not in auto-commit mode; the Connection 'local transaction' will be committed and the Connection will be set into auto-commit mode.
jul. 17, 2024 10:17:28 AM org.hibernate.resource.transaction.backend.jdbc.internal.DdlTransactionIsolatorNonJtaImpl getIsolatedConnection
INFO: HHH10001501: Connection obtained from JdbcConnectionAccess [org.hibernate.engine.jdbc.env.internal.JdbcEnvironmentInitiator$ConnectionProviderJdbcConnectionAccess@51ab1ee3] for (non-JTA) DDL execution was not in auto-commit mode; the Connection 'local transaction' will be committed and the Connection will be set into auto-commit mode.
jul. 17, 2024 10:17:28 AM org.hibernate.tool.schema.internal.SchemaCreatorImpl applyImportSources
INFO: HHH000476: Executing import script 'org.hibernate.tool.schema.internal.exec.ScriptSourceInputNonExistentImpl@5f174dd2'
]]></system-err>
  </testcase>
</testsuite>